0 info it worked if it ends with ok
1 verbose cli [ 'C:\\Program Files\\nodejs\\node.exe',
1 verbose cli   'C:\\Program Files\\nodejs\\node_modules\\npm\\bin\\npm-cli.js',
1 verbose cli   'start' ]
2 info using npm@3.10.10
3 info using node@v6.10.1
4 verbose run-script [ 'prestart', 'start', 'poststart' ]
5 info lifecycle polymer-starter-kit@0.0.0~prestart: polymer-starter-kit@0.0.0
6 silly lifecycle polymer-starter-kit@0.0.0~prestart: no script for prestart, continuing
7 info lifecycle polymer-starter-kit@0.0.0~start: polymer-starter-kit@0.0.0
8 verbose lifecycle polymer-starter-kit@0.0.0~start: unsafe-perm in lifecycle true
9 verbose lifecycle polymer-starter-kit@0.0.0~start: PATH: C:\Program Files\nodejs\node_modules\npm\bin\node-gyp-bin;C:\Users\admin\Desktop\SE-2017\modifiedNote\node_modules\.bin;C:\Users\admin\Desktop\cmder\bin;C:\Users\admin\Desktop\cmder\vendor\conemu-maximus5\ConEmu\Scripts;C:\Users\admin\Desktop\cmder\vendor\conemu-maximus5;C:\Users\admin\Desktop\cmder\vendor\conemu-maximus5\ConEmu;C:\Program Files (x86)\Common Files\Intel\Shared Libraries\redist\ia32\mpirt;C:\Program Files (x86)\Common Files\Intel\Shared Libraries\redist\ia32\compiler;C:\WINDOWS\system32;C:\WINDOWS;C:\WINDOWS\System32\Wbem;C:\WINDOWS\System32\WindowsPowerShell\v1.0\;C:\Program Files\Intel\WiFi\bin\;C:\Program Files\Common Files\Intel\WirelessCommon\;C:\Program Files\Java\jdk1.8.0_121\bin;C:\Program Files\nodejs\;C:\Program Files\Microsoft SQL Server\130\Tools\Binn\;C:\Program Files\dotnet\;C:\Program Files\Git\cmd;C:\Python34;C:\Users\admin\AppData\Local\Programs\Python\Python36-32\Scripts\;C:\Users\admin\AppData\Local\Programs\Python\Python36-32\;C:\Users\admin\AppData\Local\Programs\Python\Python35\Scripts\;C:\Users\admin\AppData\Local\Programs\Python\Python35\;C:\Users\admin\Anaconda2;C:\Users\admin\Anaconda2\Scripts;C:\Users\admin\Anaconda2\Library\bin;C:\Users\admin\AppData\Local\Microsoft\WindowsApps;C:\Users\admin\AppData\Roaming\npm;C:\>sqlite3;C:\Python34;C:\Users\admin\AppData\Local\Programs\Python\Python35;C:\Program Files\Git\usr\bin;C:\Program Files\Git\usr\share\vim\vim74;C:\Users\admin\Desktop\cmder\
10 verbose lifecycle polymer-starter-kit@0.0.0~start: CWD: C:\Users\admin\Desktop\SE-2017\modifiedNote
11 silly lifecycle polymer-starter-kit@0.0.0~start: Args: [ '/d /s /c', 'node ./bin/www' ]
12 silly lifecycle polymer-starter-kit@0.0.0~start: Returned: code: 3221225786  signal: null
13 info lifecycle polymer-starter-kit@0.0.0~start: Failed to exec start script
14 verbose stack Error: polymer-starter-kit@0.0.0 start: `node ./bin/www`
14 verbose stack Exit status 3221225786
14 verbose stack     at EventEmitter.<anonymous> (C:\Program Files\nodejs\node_modules\npm\lib\utils\lifecycle.js:255:16)
14 verbose stack     at emitTwo (events.js:106:13)
14 verbose stack     at EventEmitter.emit (events.js:191:7)
14 verbose stack     at ChildProcess.<anonymous> (C:\Program Files\nodejs\node_modules\npm\lib\utils\spawn.js:40:14)
14 verbose stack     at emitTwo (events.js:106:13)
14 verbose stack     at ChildProcess.emit (events.js:191:7)
14 verbose stack     at maybeClose (internal/child_process.js:886:16)
14 verbose stack     at Process.ChildProcess._handle.onexit (internal/child_process.js:226:5)
15 verbose pkgid polymer-starter-kit@0.0.0
16 verbose cwd C:\Users\admin\Desktop\SE-2017\modifiedNote
17 error Windows_NT 10.0.14393
18 error argv "C:\\Program Files\\nodejs\\node.exe" "C:\\Program Files\\nodejs\\node_modules\\npm\\bin\\npm-cli.js" "start"
19 error node v6.10.1
20 error npm  v3.10.10
21 error code ELIFECYCLE
22 error polymer-starter-kit@0.0.0 start: `node ./bin/www`
22 error Exit status 3221225786
23 error Failed at the polymer-starter-kit@0.0.0 start script 'node ./bin/www'.
23 error Make sure you have the latest version of node.js and npm installed.
23 error If you do, this is most likely a problem with the polymer-starter-kit package,
23 error not with npm itself.
23 error Tell the author that this fails on your system:
23 error     node ./bin/www
23 error You can get information on how to open an issue for this project with:
23 error     npm bugs polymer-starter-kit
23 error Or if that isn't available, you can get their info via:
23 error     npm owner ls polymer-starter-kit
23 error There is likely additional logging output above.
24 verbose exit [ 1, true ]
